\BOOKMARK [1][-]{section.1}{\376\377\0001\000.\000\040\000R\000e\000a\000l\000\040\000N\000u\000m\000b\000e\000r\000s}{}% 1
\BOOKMARK [2][-]{subsection.1.1}{\376\377\000F\000i\000e\000l\000d\000\040\000A\000x\000i\000o\000m\000s}{section.1}% 2
\BOOKMARK [2][-]{subsection.1.2}{\376\377\000O\000r\000d\000e\000r\000e\000d\000\040\000F\000i\000e\000l\000d}{section.1}% 3
\BOOKMARK [2][-]{subsection.1.3}{\376\377\000C\000o\000m\000p\000l\000e\000t\000e\000n\000e\000s\000s\000\040\000\050\000L\000U\000B\000\040\000P\000r\000o\000p\000e\000r\000t\000y\000\051}{section.1}% 4
\BOOKMARK [1][-]{section.2}{\376\377\0002\000.\000\040\000S\000e\000q\000u\000e\000n\000c\000e\000s}{}% 5
\BOOKMARK [2][-]{subsection.2.1}{\376\377\000C\000o\000n\000v\000e\000r\000g\000e\000n\000c\000e}{section.2}% 6
\BOOKMARK [2][-]{subsection.2.2}{\376\377\000A\000r\000i\000t\000h\000m\000e\000t\000i\000c\000\040\000o\000f\000\040\000L\000i\000m\000i\000t\000s}{section.2}% 7
\BOOKMARK [2][-]{subsection.2.3}{\376\377\000S\000u\000b\000s\000e\000q\000u\000e\000n\000c\000e\000s\000\040\000a\000n\000d\000\040\000M\000o\000n\000o\000t\000o\000n\000e\000\040\000S\000e\000q\000u\000e\000n\000c\000e\000s}{section.2}% 8
\BOOKMARK [2][-]{subsection.2.4}{\376\377\000L\000i\000m\000i\000t\000\040\000S\000u\000p\000e\000r\000i\000o\000r\000\040\000a\000n\000d\000\040\000I\000n\000f\000e\000r\000i\000o\000r}{section.2}% 9
\BOOKMARK [2][-]{subsection.2.5}{\376\377\000C\000a\000u\000c\000h\000y\000\040\000S\000e\000q\000u\000e\000n\000c\000e\000s}{section.2}% 10
\BOOKMARK [1][-]{section.3}{\376\377\0003\000.\000\040\000S\000e\000r\000i\000e\000s}{}% 11
\BOOKMARK [2][-]{subsection.3.1}{\376\377\000C\000o\000n\000v\000e\000r\000g\000e\000n\000c\000e\000\040\000o\000f\000\040\000S\000e\000r\000i\000e\000s}{section.3}% 12
\BOOKMARK [2][-]{subsection.3.2}{\376\377\000A\000b\000s\000o\000l\000u\000t\000e\000\040\000C\000o\000n\000v\000e\000r\000g\000e\000n\000c\000e}{section.3}% 13
\BOOKMARK [2][-]{subsection.3.3}{\376\377\000C\000o\000n\000v\000e\000r\000g\000e\000n\000c\000e\000\040\000T\000e\000s\000t\000s}{section.3}% 14
\BOOKMARK [1][-]{section.4}{\376\377\0004\000.\000\040\000L\000i\000m\000i\000t\000s\000\040\000o\000f\000\040\000F\000u\000n\000c\000t\000i\000o\000n\000s}{}% 15
\BOOKMARK [2][-]{subsection.4.1}{\376\377\000D\000e\000f\000i\000n\000i\000t\000i\000o\000n}{section.4}% 16
\BOOKMARK [2][-]{subsection.4.2}{\376\377\000S\000e\000q\000u\000e\000n\000t\000i\000a\000l\000\040\000C\000r\000i\000t\000e\000r\000i\000o\000n}{section.4}% 17
\BOOKMARK [2][-]{subsection.4.3}{\376\377\000A\000r\000i\000t\000h\000m\000e\000t\000i\000c\000\040\000o\000f\000\040\000L\000i\000m\000i\000t\000s}{section.4}% 18
\BOOKMARK [2][-]{subsection.4.4}{\376\377\000L\000i\000m\000i\000t\000s\000\040\000a\000t\000\040\000I\000n\000f\000i\000n\000i\000t\000y}{section.4}% 19
\BOOKMARK [1][-]{section.5}{\376\377\0005\000.\000\040\000C\000o\000n\000t\000i\000n\000u\000i\000t\000y}{}% 20
\BOOKMARK [2][-]{subsection.5.1}{\376\377\000D\000e\000f\000i\000n\000i\000t\000i\000o\000n}{section.5}% 21
\BOOKMARK [2][-]{subsection.5.2}{\376\377\000P\000r\000o\000p\000e\000r\000t\000i\000e\000s}{section.5}% 22
\BOOKMARK [2][-]{subsection.5.3}{\376\377\000K\000e\000y\000\040\000T\000h\000e\000o\000r\000e\000m\000s}{section.5}% 23
\BOOKMARK [2][-]{subsection.5.4}{\376\377\000U\000n\000i\000f\000o\000r\000m\000\040\000C\000o\000n\000t\000i\000n\000u\000i\000t\000y}{section.5}% 24
\BOOKMARK [1][-]{section.6}{\376\377\0006\000.\000\040\000S\000e\000q\000u\000e\000n\000c\000e\000s\000\040\000o\000f\000\040\000F\000u\000n\000c\000t\000i\000o\000n\000s}{}% 25
\BOOKMARK [2][-]{subsection.6.1}{\376\377\000P\000o\000i\000n\000t\000w\000i\000s\000e\000\040\000C\000o\000n\000v\000e\000r\000g\000e\000n\000c\000e}{section.6}% 26
\BOOKMARK [2][-]{subsection.6.2}{\376\377\000U\000n\000i\000f\000o\000r\000m\000\040\000C\000o\000n\000v\000e\000r\000g\000e\000n\000c\000e}{section.6}% 27
\BOOKMARK [2][-]{subsection.6.3}{\376\377\000P\000r\000o\000p\000e\000r\000t\000i\000e\000s}{section.6}% 28
\BOOKMARK [1][-]{section.7}{\376\377\0007\000.\000\040\000P\000o\000w\000e\000r\000\040\000S\000e\000r\000i\000e\000s}{}% 29
\BOOKMARK [2][-]{subsection.7.1}{\376\377\000R\000a\000d\000i\000u\000s\000\040\000o\000f\000\040\000C\000o\000n\000v\000e\000r\000g\000e\000n\000c\000e}{section.7}% 30
\BOOKMARK [2][-]{subsection.7.2}{\376\377\000D\000i\000f\000f\000e\000r\000e\000n\000t\000i\000a\000t\000i\000o\000n\000\040\000a\000n\000d\000\040\000I\000n\000t\000e\000g\000r\000a\000t\000i\000o\000n}{section.7}% 31
\BOOKMARK [2][-]{subsection.7.3}{\376\377\000I\000m\000p\000o\000r\000t\000a\000n\000t\000\040\000S\000e\000r\000i\000e\000s}{section.7}% 32
\BOOKMARK [1][-]{section.8}{\376\377\0008\000.\000\040\000D\000i\000f\000f\000e\000r\000e\000n\000t\000i\000a\000t\000i\000o\000n}{}% 33
\BOOKMARK [2][-]{subsection.8.1}{\376\377\000D\000e\000f\000i\000n\000i\000t\000i\000o\000n}{section.8}% 34
\BOOKMARK [2][-]{subsection.8.2}{\376\377\000R\000u\000l\000e\000s}{section.8}% 35
\BOOKMARK [2][-]{subsection.8.3}{\376\377\000M\000e\000a\000n\000\040\000V\000a\000l\000u\000e\000\040\000T\000h\000e\000o\000r\000e\000m\000s}{section.8}% 36
\BOOKMARK [2][-]{subsection.8.4}{\376\377\000A\000p\000p\000l\000i\000c\000a\000t\000i\000o\000n\000s\000\040\000o\000f\000\040\000M\000V\000T}{section.8}% 37
\BOOKMARK [2][-]{subsection.8.5}{\376\377\000L\000'\000H\000\364\000p\000i\000t\000a\000l\000'\000s\000\040\000R\000u\000l\000e\000s}{section.8}% 38
\BOOKMARK [2][-]{subsection.8.6}{\376\377\000T\000a\000y\000l\000o\000r\000'\000s\000\040\000T\000h\000e\000o\000r\000e\000m}{section.8}% 39
\BOOKMARK [1][-]{section.9}{\376\377\0009\000.\000\040\000R\000i\000e\000m\000a\000n\000n\000\040\000I\000n\000t\000e\000g\000r\000a\000t\000i\000o\000n}{}% 40
\BOOKMARK [2][-]{subsection.9.1}{\376\377\000D\000e\000f\000i\000n\000i\000t\000i\000o\000n\000s}{section.9}% 41
\BOOKMARK [2][-]{subsection.9.2}{\376\377\000D\000a\000r\000b\000o\000u\000x\000\040\000S\000u\000m\000s}{section.9}% 42
\BOOKMARK [2][-]{subsection.9.3}{\376\377\000I\000n\000t\000e\000g\000r\000a\000b\000i\000l\000i\000t\000y}{section.9}% 43
\BOOKMARK [2][-]{subsection.9.4}{\376\377\000P\000r\000o\000p\000e\000r\000t\000i\000e\000s}{section.9}% 44
\BOOKMARK [2][-]{subsection.9.5}{\376\377\000F\000u\000n\000d\000a\000m\000e\000n\000t\000a\000l\000\040\000T\000h\000e\000o\000r\000e\000m\000s\000\040\000o\000f\000\040\000C\000a\000l\000c\000u\000l\000u\000s}{section.9}% 45
\BOOKMARK [2][-]{subsection.9.6}{\376\377\000T\000e\000c\000h\000n\000i\000q\000u\000e\000s}{section.9}% 46
\BOOKMARK [2][-]{subsection.9.7}{\376\377\000I\000n\000t\000e\000g\000r\000a\000t\000i\000o\000n\000\040\000o\000f\000\040\000S\000e\000r\000i\000e\000s}{section.9}% 47
\BOOKMARK [1][-]{section.10}{\376\377\0001\0000\000.\000\040\000Q\000u\000i\000c\000k\000\040\000R\000e\000f\000e\000r\000e\000n\000c\000e}{}% 48
\BOOKMARK [2][-]{subsection.10.1}{\376\377\000I\000m\000p\000o\000r\000t\000a\000n\000t\000\040\000L\000i\000m\000i\000t\000s}{section.10}% 49
\BOOKMARK [2][-]{subsection.10.2}{\376\377\000C\000o\000m\000m\000o\000n\000\040\000S\000e\000r\000i\000e\000s}{section.10}% 50
\BOOKMARK [2][-]{subsection.10.3}{\376\377\000K\000e\000y\000\040\000I\000n\000e\000q\000u\000a\000l\000i\000t\000i\000e\000s}{section.10}% 51
\BOOKMARK [2][-]{subsection.10.4}{\376\377\000C\000o\000m\000m\000o\000n\000\040\000M\000i\000s\000t\000a\000k\000e\000s}{section.10}% 52
